\BOOKMARK [0][-]{chapter*.2}{LIST OF TABLES}{}% 1
\BOOKMARK [0][-]{chapter*.3}{LIST OF FIGURES}{}% 2
\BOOKMARK [0][-]{chapter.1}{Introduction}{}% 3
\BOOKMARK [1][-]{section.1.1}{Learning Technology}{chapter.1}% 4
\BOOKMARK [2][-]{subsection.1.1.1}{Why College Classes?}{section.1.1}% 5
\BOOKMARK [1][-]{section.1.2}{Spaced Repitition}{chapter.1}% 6
\BOOKMARK [1][-]{section.1.3}{Spaced Repitition Apps}{chapter.1}% 7
\BOOKMARK [2][-]{subsection.1.3.1}{Duolingo}{section.1.3}% 8
\BOOKMARK [2][-]{subsection.1.3.2}{Memrise}{section.1.3}% 9
\BOOKMARK [1][-]{section.1.4}{Gamification}{chapter.1}% 10
\BOOKMARK [0][-]{chapter.2}{Background}{}% 11
\BOOKMARK [1][-]{section.2.1}{Early Computing}{chapter.2}% 12
\BOOKMARK [2][-]{subsection.2.1.1}{Pressey and Skinner}{section.2.1}% 13
\BOOKMARK [2][-]{subsection.2.1.2}{Skinner Boxes and Operant Conditioning}{section.2.1}% 14
\BOOKMARK [2][-]{subsection.2.1.3}{Variable Ratio Reinforcement Scheduling}{section.2.1}% 15
\BOOKMARK [1][-]{section.2.2}{Duolingo}{chapter.2}% 16
\BOOKMARK [1][-]{section.2.3}{Habits}{chapter.2}% 17
\BOOKMARK [2][-]{subsection.2.3.1}{New Psychological Theories}{section.2.3}% 18
\BOOKMARK [0][-]{chapter.3}{Related Work}{}% 19
\BOOKMARK [1][-]{section.3.1}{Habit Formation}{chapter.3}% 20
\BOOKMARK [2][-]{subsection.3.1.1}{Habit Formation and User Interface}{section.3.1}% 21
\BOOKMARK [2][-]{subsection.3.1.2}{Memrise}{section.3.1}% 22
\BOOKMARK [1][-]{section.3.2}{Gamification}{chapter.3}% 23
\BOOKMARK [2][-]{subsection.3.2.1}{Classcraft}{section.3.2}% 24
\BOOKMARK [2][-]{subsection.3.2.2}{Classcraft Study}{section.3.2}% 25
\BOOKMARK [2][-]{subsection.3.2.3}{Gamification in Other Educational Areas}{section.3.2}% 26
\BOOKMARK [0][-]{chapter.4}{Experiment}{}% 27
\BOOKMARK [0][-]{chapter.5}{Validation}{}% 28
\BOOKMARK [0][-]{chapter.6}{Future Work}{}% 29
\BOOKMARK [0][-]{chapter.7}{Conclusion}{}% 30
\BOOKMARK [0][-]{chapter*.9}{BIBLIOGRAPHY}{}% 31
